16:00:03:811 [main] INFO  Main.Main - true

16:00:03:816 [main] INFO  Main.Main - -634435049

16:00:03:817 [main] INFO  Main.Main - 685518902

16:00:03:818 [main] INFO  Main.Main - -1693688045

16:00:03:818 [main] INFO  Main.Main - 685518902
16:00:03:819 [main] INFO  Main.Main - true

16:00:18:862 [main] INFO  Main.Main - 
Mirian Surmanidze
21
Georgia
Tbel Abuseridze Street

16:00:18:865 [main] INFO  Main.Main - Jemal Qarcivadze
50
Georgia
Loria Street

16:00:18:865 [main] INFO  Main.Main - 465983646

16:00:18:866 [main] INFO  Main.Main - -831497802

16:00:18:867 [main] INFO  Main.Main - 465983646
16:00:18:867 [main] INFO  Main.Main - true

16:00:18:868 [main] INFO  Main.Main - -634435049

16:00:18:869 [main] INFO  Main.Main - 685518902

16:00:18:871 [main] INFO  Main.Main - -1693688045

16:00:18:872 [main] INFO  Main.Main - 685518902
16:00:18:872 [main] INFO  Main.Main - true

16:01:03:003 [main] INFO  Main.Main - 
Mirian Surmanidze
21
Georgia
Tbel Abuseridze Street

16:01:03:006 [main] INFO  Main.Main - Jemal Qarcivadze
50
Georgia
Loria Street

