12:47:15:827 [main] INFO  Main.Main - 685518902
12:47:15:858 [main] INFO  Main.Main - true

14:02:10:284 [main] INFO  Main.Main - 
Mirian Surmanidze
21
Georgia
Tbel Abuseridze Street

14:02:10:287 [main] INFO  Main.Main - Jemal Qarcivadze
50
Georgia
Loria Street

14:02:10:287 [main] INFO  Main.Main - 465983646

14:02:10:287 [main] INFO  Main.Main - -831497802

14:02:10:288 [main] INFO  Main.Main - 465983646
14:02:10:288 [main] INFO  Main.Main - true

14:02:10:288 [main] INFO  Main.Main - -634435049

14:02:10:289 [main] INFO  Main.Main - 685518902

14:02:10:290 [main] INFO  Main.Main - -1693688045

14:02:10:290 [main] INFO  Main.Main - 685518902
14:02:10:290 [main] INFO  Main.Main - true

14:03:51:693 [main] INFO  Main.Main - 
Mirian Surmanidze
21
Georgia
Tbel Abuseridze Street

14:03:52:064 [main] INFO  Main.Main - Jemal Qarcivadze
50
Georgia
Loria Street

14:03:52:496 [main] INFO  Main.Main - 465983646

14:03:53:006 [main] INFO  Main.Main - -831497802

14:03:53:202 [main] INFO  Main.Main - 465983646
