17:11:02:140 [main] INFO  Main.Main - Calling Mirian Surmanidze0
17:12:52:792 [main] INFO  Main.Main - 
Mirian Surmanidze
21
Georgia
Tbel Abuseridze Street

17:12:52:796 [main] INFO  Main.Main - Jemal Qarcivadze
50
Georgia
Loria Street

17:12:52:796 [main] INFO  Main.Main - 465983646

17:12:52:796 [main] INFO  Main.Main - -831497802

17:12:52:797 [main] INFO  Main.Main - 465983646
17:12:52:798 [main] INFO  Main.Main - true

17:12:52:799 [main] INFO  Main.Main - -634435049

17:12:52:799 [main] INFO  Main.Main - 685518902

17:12:52:800 [main] INFO  Main.Main - -1693688045

17:12:52:800 [main] INFO  Main.Main - 685518902
17:12:52:800 [main] INFO  Main.Main - true

17:12:52:801 [main] INFO  Main.Main - Test: text
17:12:52:802 [main] INFO  Main.Main - 5
17:12:52:803 [main] INFO  Main.Main - 7
17:12:52:803 [main] INFO  Main.Main - 7
17:12:52:804 [main] INFO  Main.Main - 1
17:12:52:804 [main] INFO  Main.Main - 1
17:12:52:804 [main] INFO  Main.Main - 1
17:12:52:805 [main] INFO  Main.Main - 4
17:12:52:805 [main] INFO  Main.Main - 5
