15:44:36:178 [main] INFO  Main.Main - Jemal Qarcivadze
50
Georgia
Loria Street

15:44:36:185 [main] INFO  Main.Main - 465983646

15:44:36:185 [main] INFO  Main.Main - -831497802

15:44:36:185 [main] INFO  Main.Main - 465983646
15:44:36:186 [main] INFO  Main.Main - true

15:44:36:186 [main] INFO  Main.Main - -634435049

15:44:36:186 [main] INFO  Main.Main - 685518902

15:44:36:187 [main] INFO  Main.Main - -1693688045

15:44:36:187 [main] INFO  Main.Main - 685518902
15:44:36:187 [main] INFO  Main.Main - true

12:47:15:819 [main] INFO  Main.Main - 
Mirian Surmanidze
21
Georgia
Tbel Abuseridze Street

12:47:15:822 [main] INFO  Main.Main - Jemal Qarcivadze
50
Georgia
Loria Street

12:47:15:823 [main] INFO  Main.Main - 465983646

12:47:15:823 [main] INFO  Main.Main - -831497802

12:47:15:824 [main] INFO  Main.Main - 465983646
12:47:15:825 [main] INFO  Main.Main - true

12:47:15:825 [main] INFO  Main.Main - -634435049

12:47:15:825 [main] INFO  Main.Main - 685518902

12:47:15:826 [main] INFO  Main.Main - -1693688045

