16:12:41:584 [main] INFO  Main.Main - 
Mirian Surmanidze
21
Georgia
Tbel Abuseridze Street

16:12:41:592 [main] INFO  Main.Main - Jemal Qarcivadze
50
Georgia
Loria Street

16:12:41:592 [main] INFO  Main.Main - 465983646

16:12:41:593 [main] INFO  Main.Main - -831497802

16:12:41:594 [main] INFO  Main.Main - 465983646
16:12:41:594 [main] INFO  Main.Main - true

16:12:41:595 [main] INFO  Main.Main - -634435049

16:12:41:595 [main] INFO  Main.Main - 685518902

16:12:41:596 [main] INFO  Main.Main - -1693688045

16:12:41:596 [main] INFO  Main.Main - 685518902
16:12:41:596 [main] INFO  Main.Main - true

16:20:16:180 [main] INFO  Main.Main - 
Mirian Surmanidze
21
Georgia
Tbel Abuseridze Street

16:20:16:184 [main] INFO  Main.Main - Jemal Qarcivadze
50
Georgia
Loria Street

16:20:16:184 [main] INFO  Main.Main - 465983646

16:20:16:184 [main] INFO  Main.Main - -831497802

16:20:16:185 [main] INFO  Main.Main - 465983646
16:20:16:185 [main] INFO  Main.Main - true

16:20:16:185 [main] INFO  Main.Main - -634435049

