17:15:24:525 [main] INFO  Main.Main - -831497802

17:15:24:558 [main] INFO  Main.Main - 465983646
17:15:24:559 [main] INFO  Main.Main - true

17:15:24:559 [main] INFO  Main.Main - -634435049

17:15:24:560 [main] INFO  Main.Main - 685518902

17:15:24:560 [main] INFO  Main.Main - -1693688045

17:15:24:560 [main] INFO  Main.Main - 685518902
17:15:24:560 [main] INFO  Main.Main - true

17:15:24:561 [main] INFO  Main.Main - Test: text
17:15:45:652 [main] INFO  Main.Main - 
Mirian Surmanidze
21
Georgia
Tbel Abuseridze Street

17:15:45:657 [main] INFO  Main.Main - Jemal Qarcivadze
50
Georgia
Loria Street

17:15:45:657 [main] INFO  Main.Main - 465983646

17:15:45:657 [main] INFO  Main.Main - -831497802

17:15:45:658 [main] INFO  Main.Main - 465983646
17:15:45:659 [main] INFO  Main.Main - true

17:15:45:659 [main] INFO  Main.Main - -634435049

17:15:45:659 [main] INFO  Main.Main - 685518902

17:15:45:660 [main] INFO  Main.Main - -1693688045

17:15:45:660 [main] INFO  Main.Main - 685518902
17:15:45:661 [main] INFO  Main.Main - true

