17:00:22:479 [main] INFO  Main.Main - 465983646
17:00:22:485 [main] INFO  Main.Main - true

17:00:22:486 [main] INFO  Main.Main - -634435049

17:00:22:486 [main] INFO  Main.Main - 685518902

17:00:22:486 [main] INFO  Main.Main - -1693688045

17:00:22:487 [main] INFO  Main.Main - 685518902
17:00:22:487 [main] INFO  Main.Main - true

17:00:22:488 [main] INFO  Main.Main - Test: text
17:07:34:076 [main] INFO  Main.Main - 
Mirian Surmanidze
21
Georgia
Tbel Abuseridze Street

17:07:34:079 [main] INFO  Main.Main - Jemal Qarcivadze
50
Georgia
Loria Street

17:07:34:079 [main] INFO  Main.Main - 465983646

17:07:34:080 [main] INFO  Main.Main - -831497802

17:07:34:080 [main] INFO  Main.Main - 465983646
17:07:34:081 [main] INFO  Main.Main - true

17:07:34:081 [main] INFO  Main.Main - -634435049

17:07:34:082 [main] INFO  Main.Main - 685518902

17:07:34:082 [main] INFO  Main.Main - -1693688045

17:07:34:083 [main] INFO  Main.Main - 685518902
17:07:34:084 [main] INFO  Main.Main - true

17:07:34:085 [main] INFO  Main.Main - Test: text
