15:36:52:456 [main] INFO  Main.Main - 465983646
15:36:52:461 [main] INFO  Main.Main - true

15:36:52:462 [main] INFO  Main.Main - -634435049

15:36:52:463 [main] INFO  Main.Main - 685518902

15:36:52:463 [main] INFO  Main.Main - -1693688045

15:36:52:463 [main] INFO  Main.Main - 685518902
15:36:52:463 [main] INFO  Main.Main - true

15:37:19:198 [main] INFO  Main.Main - 
Mirian Surmanidze
21
Georgia
Tbel Abuseridze Street

15:37:19:201 [main] INFO  Main.Main - Jemal Qarcivadze
50
Georgia
Loria Street

15:37:19:201 [main] INFO  Main.Main - 465983646

15:37:19:201 [main] INFO  Main.Main - -831497802

15:37:19:202 [main] INFO  Main.Main - 465983646
15:37:19:202 [main] INFO  Main.Main - true

15:37:19:202 [main] INFO  Main.Main - -634435049

15:37:19:203 [main] INFO  Main.Main - 685518902

15:37:19:203 [main] INFO  Main.Main - -1693688045

15:37:19:204 [main] INFO  Main.Main - 685518902
15:37:19:204 [main] INFO  Main.Main - true

15:37:36:291 [main] INFO  Main.Main - 
Mirian Surmanidze
21
Georgia
Tbel Abuseridze Street

