18:31:51:600 [main] INFO  Main.Main - These are even numbers: [2, 4, 6, 8, 10, 12, 14]
18:31:51:607 [main] INFO  Main.Main - A15 Bionic processor
18:31:51:607 [main] INFO  Main.Main - Snap Dragon
18:31:51:607 [main] INFO  Main.Main - A15 Bionic processor
12:34:19:737 [main] INFO  Main.Main - [Contacts [user=Mirian Surmanidze
21
Georgia
Batumi], Contacts [user=Nika Shainidze
25
Georgia
Batumi]]
12:34:19:742 [main] INFO  Main.Main - These are even numbers: [2, 4, 6, 8, 10, 12, 14]
12:34:19:744 [main] INFO  Main.Main - A15 Bionic processor
12:34:19:744 [main] INFO  Main.Main - Snap Dragon
12:34:19:745 [main] INFO  Main.Main - A15 Bionic processor
12:36:26:794 [main] INFO  Main.Main - [Contacts [user=Mirian Surmanidze
21
Georgia
Batumi], Contacts [user=Nika Shainidze
25
Georgia
Batumi]]
12:36:26:801 [main] INFO  Main.Main - These are even numbers: [2, 4, 6, 8, 10, 12, 14]
12:36:26:803 [main] INFO  Main.Main - A15 Bionic processor
12:36:26:804 [main] INFO  Main.Main - Snap Dragon
12:36:26:804 [main] INFO  Main.Main - A15 Bionic processor
