16:01:03:007 [main] INFO  Main.Main - 465983646

16:01:03:029 [main] INFO  Main.Main - -831497802

16:01:03:030 [main] INFO  Main.Main - 465983646
16:01:03:030 [main] INFO  Main.Main - true

16:01:03:030 [main] INFO  Main.Main - -634435049

16:01:03:031 [main] INFO  Main.Main - 685518902

16:01:03:031 [main] INFO  Main.Main - -1693688045

16:01:03:032 [main] INFO  Main.Main - 685518902
16:01:03:032 [main] INFO  Main.Main - true

16:01:38:000 [main] INFO  Main.Main - 
Mirian Surmanidze
21
Georgia
Tbel Abuseridze Street

16:01:38:004 [main] INFO  Main.Main - Jemal Qarcivadze
50
Georgia
Loria Street

16:01:38:004 [main] INFO  Main.Main - 465983646

16:01:38:005 [main] INFO  Main.Main - -831497802

16:01:38:006 [main] INFO  Main.Main - 465983646
16:01:38:007 [main] INFO  Main.Main - true

16:01:38:007 [main] INFO  Main.Main - -634435049

16:01:38:008 [main] INFO  Main.Main - 685518902

16:01:38:009 [main] INFO  Main.Main - -1693688045

16:01:38:009 [main] INFO  Main.Main - 685518902
16:01:38:009 [main] INFO  Main.Main - true

