18:30:00:870 [main] INFO  Main.Main - These are even numbers: [2, 4, 6, 8, 10, 12, 14]
18:30:00:897 [main] INFO  Main.Main - [A15 Bionic processor
6
3.23, Snap Dragon
8
3.55, A15 Bionic processor
6
3.23]
18:31:34:066 [main] INFO  Main.Main - [Contacts [user=Mirian Surmanidze
21
Georgia
Batumi], Contacts [user=Nika Shainidze
25
Georgia
Batumi]]
18:31:34:070 [main] INFO  Main.Main - These are even numbers: [2, 4, 6, 8, 10, 12, 14]
18:31:34:073 [main] INFO  Main.Main - 3.23
18:31:34:073 [main] INFO  Main.Main - 3.55
18:31:34:073 [main] INFO  Main.Main - 3.23
18:31:40:904 [main] INFO  Main.Main - [Contacts [user=Mirian Surmanidze
21
Georgia
Batumi], Contacts [user=Nika Shainidze
25
Georgia
Batumi]]
18:31:40:909 [main] INFO  Main.Main - These are even numbers: [2, 4, 6, 8, 10, 12, 14]
18:31:40:911 [main] INFO  Main.Main - A15 Bionic processor
18:31:40:912 [main] INFO  Main.Main - Snap Dragon
18:31:40:912 [main] INFO  Main.Main - A15 Bionic processor
18:31:51:596 [main] INFO  Main.Main - [Contacts [user=Mirian Surmanidze
21
Georgia
Batumi], Contacts [user=Nika Shainidze
25
Georgia
Batumi]]
