16:45:23:890 [main] INFO  Main.Main - true

16:45:23:896 [main] INFO  Main.Main - Printing: text
16:59:46:813 [main] INFO  Main.Main - 
Mirian Surmanidze
21
Georgia
Tbel Abuseridze Street

16:59:46:816 [main] INFO  Main.Main - Jemal Qarcivadze
50
Georgia
Loria Street

16:59:46:816 [main] INFO  Main.Main - 465983646

16:59:46:816 [main] INFO  Main.Main - -831497802

16:59:46:817 [main] INFO  Main.Main - 465983646
16:59:46:818 [main] INFO  Main.Main - true

16:59:46:818 [main] INFO  Main.Main - -634435049

16:59:46:819 [main] INFO  Main.Main - 685518902

16:59:46:820 [main] INFO  Main.Main - -1693688045

16:59:46:820 [main] INFO  Main.Main - 685518902
16:59:46:820 [main] INFO  Main.Main - true

16:59:46:822 [main] INFO  Main.Main - text
17:00:22:475 [main] INFO  Main.Main - 
Mirian Surmanidze
21
Georgia
Tbel Abuseridze Street

17:00:22:478 [main] INFO  Main.Main - Jemal Qarcivadze
50
Georgia
Loria Street

17:00:22:478 [main] INFO  Main.Main - 465983646

17:00:22:478 [main] INFO  Main.Main - -831497802

