15:37:36:294 [main] INFO  Main.Main - Jemal Qarcivadze
50
Georgia
Loria Street

15:37:36:300 [main] INFO  Main.Main - 465983646

15:37:36:300 [main] INFO  Main.Main - -831497802

15:37:36:301 [main] INFO  Main.Main - 465983646
15:37:36:301 [main] INFO  Main.Main - true

15:37:36:302 [main] INFO  Main.Main - -634435049

15:37:36:303 [main] INFO  Main.Main - 685518902

15:37:36:304 [main] INFO  Main.Main - -1693688045

15:37:36:304 [main] INFO  Main.Main - 685518902
15:37:36:305 [main] INFO  Main.Main - true

15:52:06:221 [main] INFO  Main.Main - 
Mirian Surmanidze
21
Georgia
Tbel Abuseridze Street

15:52:06:225 [main] INFO  Main.Main - Jemal Qarcivadze
50
Georgia
Loria Street

15:52:06:226 [main] INFO  Main.Main - 465983646

15:52:06:227 [main] INFO  Main.Main - -831497802

15:52:06:229 [main] INFO  Main.Main - 465983646
15:52:06:229 [main] INFO  Main.Main - true

15:52:06:230 [main] INFO  Main.Main - -634435049

15:52:06:230 [main] INFO  Main.Main - 685518902

15:52:06:231 [main] INFO  Main.Main - -1693688045

