14:03:53:390 [main] INFO  Main.Main - true

14:03:53:630 [main] INFO  Main.Main - -634435049

14:03:53:887 [main] INFO  Main.Main - 685518902

14:03:54:194 [main] INFO  Main.Main - -1693688045

14:03:54:487 [main] INFO  Main.Main - 685518902
14:03:54:829 [main] INFO  Main.Main - true

22:27:53:736 [main] INFO  Main.Main - 
Mirian Surmanidze
21
Georgia
Tbel Abuseridze Street

22:27:53:739 [main] INFO  Main.Main - Jemal Qarcivadze
50
Georgia
Loria Street

22:27:53:740 [main] INFO  Main.Main - 465983646

22:27:53:740 [main] INFO  Main.Main - -831497802

22:27:53:741 [main] INFO  Main.Main - 465983646
22:27:53:742 [main] INFO  Main.Main - true

22:27:53:742 [main] INFO  Main.Main - -634435049

22:27:53:743 [main] INFO  Main.Main - 685518902

22:27:53:744 [main] INFO  Main.Main - -1693688045

22:27:53:744 [main] INFO  Main.Main - 685518902
22:27:53:744 [main] INFO  Main.Main - true

22:30:28:908 [main] INFO  collections.MainDemo - true
22:30:41:336 [main] INFO  collections.MainDemo - true
22:32:34:203 [main] INFO  collections.MainDemo - true
