16:45:14:276 [main] INFO  Main.Main - 465983646

16:45:14:282 [main] INFO  Main.Main - -831497802

16:45:14:283 [main] INFO  Main.Main - 465983646
16:45:14:283 [main] INFO  Main.Main - true

16:45:14:284 [main] INFO  Main.Main - -634435049

16:45:14:284 [main] INFO  Main.Main - 685518902

16:45:14:285 [main] INFO  Main.Main - -1693688045

16:45:14:285 [main] INFO  Main.Main - 685518902
16:45:14:285 [main] INFO  Main.Main - true

16:45:14:287 [main] INFO  Main.Main - text
16:45:23:877 [main] INFO  Main.Main - 
Mirian Surmanidze
21
Georgia
Tbel Abuseridze Street

16:45:23:880 [main] INFO  Main.Main - Jemal Qarcivadze
50
Georgia
Loria Street

16:45:23:880 [main] INFO  Main.Main - 465983646

16:45:23:881 [main] INFO  Main.Main - -831497802

16:45:23:886 [main] INFO  Main.Main - 465983646
16:45:23:887 [main] INFO  Main.Main - true

16:45:23:887 [main] INFO  Main.Main - -634435049

16:45:23:888 [main] INFO  Main.Main - 685518902

16:45:23:889 [main] INFO  Main.Main - -1693688045

16:45:23:889 [main] INFO  Main.Main - 685518902
