17:12:52:806 [main] INFO  Main.Main - 0
17:12:52:811 [main] INFO  Main.Main - 0
17:12:52:812 [main] INFO  Main.Main - Calling Mirian Surmanidze
17:14:40:650 [main] INFO  Main.Main - 
Mirian Surmanidze
21
Georgia
Tbel Abuseridze Street

17:14:40:653 [main] INFO  Main.Main - Jemal Qarcivadze
50
Georgia
Loria Street

17:14:40:653 [main] INFO  Main.Main - 465983646

17:14:40:654 [main] INFO  Main.Main - -831497802

17:14:40:654 [main] INFO  Main.Main - 465983646
17:14:40:655 [main] INFO  Main.Main - true

17:14:40:655 [main] INFO  Main.Main - -634435049

17:14:40:655 [main] INFO  Main.Main - 685518902

17:14:40:656 [main] INFO  Main.Main - -1693688045

17:14:40:656 [main] INFO  Main.Main - 685518902
17:14:40:657 [main] INFO  Main.Main - true

17:14:40:658 [main] INFO  Main.Main - Test: text
17:15:24:521 [main] INFO  Main.Main - 
Mirian Surmanidze
21
Georgia
Tbel Abuseridze Street

17:15:24:524 [main] INFO  Main.Main - Jemal Qarcivadze
50
Georgia
Loria Street

17:15:24:524 [main] INFO  Main.Main - 465983646

