12:37:32:948 [main] INFO  Main.Main - A15 Bionic processor
12:37:32:961 [main] INFO  Main.Main - Snap Dragon
12:37:32:962 [main] INFO  Main.Main - A15 Bionic processor
12:37:58:133 [main] INFO  Main.Main - [Contacts [user=Mirian Surmanidze
21
Georgia
Batumi], Contacts [user=Nika Shainidze
25
Georgia
Batumi]]
12:37:58:138 [main] INFO  Main.Main - These are even numbers: [2, 4, 6, 8, 10, 12, 14]
12:37:58:140 [main] INFO  Main.Main - A15 Bionic processor
12:37:58:140 [main] INFO  Main.Main - Snap Dragon
12:37:58:140 [main] INFO  Main.Main - A15 Bionic processor
12:43:59:780 [main] INFO  Main.Main - [Contacts [user=Mirian Surmanidze
21
Georgia
Batumi], Contacts [user=Nika Shainidze
25
Georgia
Batumi]]
12:43:59:784 [main] INFO  Main.Main - These are even numbers: [2, 4, 6, 8, 10, 12, 14]
12:43:59:785 [main] INFO  Main.Main - A15 Bionic processor
12:43:59:786 [main] INFO  Main.Main - Snap Dragon
12:43:59:786 [main] INFO  Main.Main - A15 Bionic processor
12:44:19:279 [main] INFO  Main.Main - [Contacts [user=Mirian Surmanidze
21
Georgia
Batumi], Contacts [user=Nika Shainidze
25
Georgia
Batumi]]
