13:37:02:078 [main] INFO  Main.Main - -1693688045

13:37:02:092 [main] INFO  Main.Main - 685518902
13:37:02:093 [main] INFO  Main.Main - true

15:36:42:555 [main] INFO  Main.Main - 
Mirian Surmanidze
21
Georgia
Tbel Abuseridze Street

15:36:42:558 [main] INFO  Main.Main - Jemal Qarcivadze
50
Georgia
Loria Street

15:36:42:559 [main] INFO  Main.Main - 465983646

15:36:42:559 [main] INFO  Main.Main - -831497802

15:36:42:560 [main] INFO  Main.Main - 465983646
15:36:42:560 [main] INFO  Main.Main - true

15:36:42:561 [main] INFO  Main.Main - -634435049

15:36:42:561 [main] INFO  Main.Main - 685518902

15:36:42:561 [main] INFO  Main.Main - -1693688045

15:36:42:562 [main] INFO  Main.Main - 685518902
15:36:42:562 [main] INFO  Main.Main - true

15:36:52:451 [main] INFO  Main.Main - 
Mirian Surmanidze
21
Georgia
Tbel Abuseridze Street

15:36:52:454 [main] INFO  Main.Main - Jemal Qarcivadze
50
Georgia
Loria Street

15:36:52:455 [main] INFO  Main.Main - 465983646

15:36:52:455 [main] INFO  Main.Main - -831497802

