15:52:06:231 [main] INFO  Main.Main - 685518902
15:52:06:240 [main] INFO  Main.Main - true

15:52:20:357 [main] INFO  Main.Main - 
Mirian Surmanidze
21
Georgia
Tbel Abuseridze Street

15:52:20:360 [main] INFO  Main.Main - Jemal Qarcivadze
50
Georgia
Loria Street

15:52:20:361 [main] INFO  Main.Main - 465983646

15:52:20:361 [main] INFO  Main.Main - -831497802

15:52:20:362 [main] INFO  Main.Main - 465983646
15:52:20:362 [main] INFO  Main.Main - true

15:52:20:362 [main] INFO  Main.Main - -634435049

15:52:20:364 [main] INFO  Main.Main - 685518902

15:52:20:365 [main] INFO  Main.Main - -1693688045

15:52:20:365 [main] INFO  Main.Main - 685518902
15:52:20:365 [main] INFO  Main.Main - true

16:00:03:806 [main] INFO  Main.Main - 
Mirian Surmanidze
21
Georgia
Tbel Abuseridze Street

16:00:03:810 [main] INFO  Main.Main - Jemal Qarcivadze
50
Georgia
Loria Street

16:00:03:810 [main] INFO  Main.Main - 465983646

16:00:03:810 [main] INFO  Main.Main - -831497802

16:00:03:811 [main] INFO  Main.Main - 465983646
