17:07:34:086 [main] INFO  Main.Main - Calling Mirian Surmanidze[I@740cae06
17:07:54:035 [main] INFO  Main.Main - 
Mirian Surmanidze
21
Georgia
Tbel Abuseridze Street

17:07:54:038 [main] INFO  Main.Main - Jemal Qarcivadze
50
Georgia
Loria Street

17:07:54:038 [main] INFO  Main.Main - 465983646

17:07:54:039 [main] INFO  Main.Main - -831497802

17:07:54:039 [main] INFO  Main.Main - 465983646
17:07:54:040 [main] INFO  Main.Main - true

17:07:54:040 [main] INFO  Main.Main - -634435049

17:07:54:041 [main] INFO  Main.Main - 685518902

17:07:54:042 [main] INFO  Main.Main - -1693688045

17:07:54:042 [main] INFO  Main.Main - 685518902
17:07:54:043 [main] INFO  Main.Main - true

17:07:54:044 [main] INFO  Main.Main - Test: text
17:07:54:046 [main] INFO  Main.Main - Calling Mirian Surmanidze[I@740cae06
17:11:02:121 [main] INFO  Main.Main - 
Mirian Surmanidze
21
Georgia
Tbel Abuseridze Street

17:11:02:124 [main] INFO  Main.Main - Jemal Qarcivadze
50
Georgia
Loria Street

17:11:02:125 [main] INFO  Main.Main - 465983646

