17:15:45:662 [main] INFO  Main.Main - Test: text
17:15:54:205 [main] INFO  Main.Main - 
Mirian Surmanidze
21
Georgia
Tbel Abuseridze Street

17:15:54:207 [main] INFO  Main.Main - Jemal Qarcivadze
50
Georgia
Loria Street

17:15:54:207 [main] INFO  Main.Main - 465983646

17:15:54:207 [main] INFO  Main.Main - -831497802

17:15:54:208 [main] INFO  Main.Main - 465983646
17:15:54:208 [main] INFO  Main.Main - true

17:15:54:209 [main] INFO  Main.Main - -634435049

17:15:54:209 [main] INFO  Main.Main - 685518902

17:15:54:210 [main] INFO  Main.Main - -1693688045

17:15:54:210 [main] INFO  Main.Main - 685518902
17:15:54:210 [main] INFO  Main.Main - true

17:15:54:212 [main] INFO  Main.Main - Test: text
17:15:54:212 [main] INFO  Main.Main - Calling Mirian Surmanidze
17:16:23:716 [main] INFO  Main.Main - Test: text
17:16:23:721 [main] INFO  Main.Main - Calling Mirian Surmanidze
17:17:33:132 [main] INFO  Main.Main - Test: text
17:17:33:140 [main] INFO  Main.Main - Calling Mirian Surmanidze[I@2a7f1f10
17:18:03:574 [main] INFO  Main.Main - Test: text
