12:37:19:489 [main] INFO  Main.Main - [Contacts [user=Mirian Surmanidze
21
Georgia
Batumi], Contacts [user=Nika Shainidze
25
Georgia
Batumi]]
12:37:19:519 [main] INFO  Main.Main - These are even numbers: [2, 4, 6, 8, 10, 12, 14]
12:37:19:520 [main] INFO  Main.Main - A15 Bionic processor
12:37:19:520 [main] INFO  Main.Main - Snap Dragon
12:37:19:521 [main] INFO  Main.Main - A15 Bionic processor
12:37:24:803 [main] INFO  Main.Main - [Contacts [user=Mirian Surmanidze
21
Georgia
Batumi], Contacts [user=Nika Shainidze
25
Georgia
Batumi]]
12:37:24:809 [main] INFO  Main.Main - These are even numbers: [2, 4, 6, 8, 10, 12, 14]
12:37:24:812 [main] INFO  Main.Main - A15 Bionic processor
12:37:24:812 [main] INFO  Main.Main - Snap Dragon
12:37:24:813 [main] INFO  Main.Main - A15 Bionic processor
12:37:32:943 [main] INFO  Main.Main - [Contacts [user=Mirian Surmanidze
21
Georgia
Batumi], Contacts [user=Nika Shainidze
25
Georgia
Batumi]]
12:37:32:947 [main] INFO  Main.Main - These are even numbers: [2, 4, 6, 8, 10, 12, 14]
