17:52:06:678 [main] INFO  Main.Main - [A15 Bionic processor
6
3.23, A15 Bionic processor
6
3.23]
17:52:13:743 [main] INFO  Main.Main - These are even numbers: [2, 4, 6, 8, 10, 12, 14]
17:52:13:748 [main] INFO  Main.Main - [A15 Bionic processor
6
3.23, A15 Bionic processor
6
3.23]
17:53:34:756 [main] INFO  Main.Main - [Contacts [user=Mirian Surmanidze
21
Georgia
Batumi], Contacts [user=Nika Shainidze
25
Georgia
Batumi]]
17:53:34:760 [main] INFO  Main.Main - These are even numbers: [2, 4, 6, 8, 10, 12, 14]
17:53:34:762 [main] INFO  Main.Main - [A15 Bionic processor
6
3.23, A15 Bionic processor
6
3.23]
18:09:11:928 [main] INFO  Main.Main - [Contacts [user=Mirian Surmanidze
21
Georgia
Batumi], Contacts [user=Nika Shainidze
25
Georgia
Batumi]]
18:09:11:932 [main] INFO  Main.Main - These are even numbers: [2, 4, 6, 8, 10, 12, 14]
18:09:11:934 [main] INFO  Main.Main - [A15 Bionic processor
6
3.23, A15 Bionic processor
6
3.23]
18:30:00:867 [main] INFO  Main.Main - [Contacts [user=Mirian Surmanidze
21
Georgia
Batumi], Contacts [user=Nika Shainidze
25
Georgia
Batumi]]
