12:44:19:283 [main] INFO  Main.Main - These are even numbers: [2, 4, 6, 8, 10, 12, 14]
12:44:19:291 [main] INFO  Main.Main - A15 Bionic processor
12:44:19:291 [main] INFO  Main.Main - Snap Dragon
12:44:19:292 [main] INFO  Main.Main - A15 Bionic processor
12:51:03:252 [main] INFO  Main.Main - [Contacts [user=Mirian Surmanidze
21
Georgia
Batumi], Contacts [user=Nika Shainidze
25
Georgia
Batumi]]
12:51:03:258 [main] INFO  Main.Main - These are even numbers: [2, 4, 6, 8, 10, 12, 14]
12:51:03:260 [main] INFO  Main.Main - A15 Bionic processor
12:51:03:261 [main] INFO  Main.Main - Snap Dragon
12:51:03:261 [main] INFO  Main.Main - A15 Bionic processor
13:37:48:485 [main] INFO  Main.Main - These are even numbers: [2, 4, 6, 8, 10, 12, 14]
13:37:48:489 [main] INFO  Main.Main - A15 Bionic processor
13:37:48:489 [main] INFO  Main.Main - Snap Dragon
13:37:48:490 [main] INFO  Main.Main - A15 Bionic processor
13:39:37:512 [main] INFO  Main.Main - These are even numbers: [2, 4, 6, 8, 10, 12, 14]
13:39:37:517 [main] INFO  Main.Main - A15 Bionic processor
