16:20:16:186 [main] INFO  Main.Main - 685518902

16:20:16:190 [main] INFO  Main.Main - -1693688045

16:20:16:191 [main] INFO  Main.Main - 685518902
16:20:16:191 [main] INFO  Main.Main - true

16:21:22:380 [main] INFO  Main.Main - 
Mirian Surmanidze
21
Georgia
Tbel Abuseridze Street

16:21:22:383 [main] INFO  Main.Main - Jemal Qarcivadze
50
Georgia
Loria Street

16:21:22:383 [main] INFO  Main.Main - 465983646

16:21:22:383 [main] INFO  Main.Main - -831497802

16:21:22:384 [main] INFO  Main.Main - 465983646
16:21:22:384 [main] INFO  Main.Main - true

16:21:22:386 [main] INFO  Main.Main - -634435049

16:21:22:386 [main] INFO  Main.Main - 685518902

16:21:22:386 [main] INFO  Main.Main - -1693688045

16:21:22:387 [main] INFO  Main.Main - 685518902
16:21:22:388 [main] INFO  Main.Main - true

16:21:22:389 [main] INFO  Main.Main - text
16:45:14:272 [main] INFO  Main.Main - 
Mirian Surmanidze
21
Georgia
Tbel Abuseridze Street

16:45:14:275 [main] INFO  Main.Main - Jemal Qarcivadze
50
Georgia
Loria Street

